<?xml version="1.0" encoding="UTF-8"?>
<testsuite xmlns:xsi="http://www.w3.org/2001/XMLSchema-instance" xsi:noNamespaceSchemaLocation="https://maven.apache.org/surefire/maven-surefire-plugin/xsd/surefire-test-report.xsd" name="ta.lab.AppTest" time="0.439" tests="5" errors="0" skipped="0" failures="0">
  <properties>
    <property name="java.specification.version" value="17"/>
    <property name="sun.cpu.isalist" value="amd64"/>
    <property name="sun.jnu.encoding" value="Cp1252"/>
    <property name="java.class.path" value="c:\Users\vasu1\OneDrive\Documents\TA Lab\lab5\target\test-classes;c:\Users\vasu1\OneDrive\Documents\TA Lab\lab5\target\classes;C:\Users\vasu1\.m2\repository\org\testng\testng\7.9.0\testng-7.9.0.jar;C:\Users\vasu1\.m2\repository\org\slf4j\slf4j-api\1.7.36\slf4j-api-1.7.36.jar;C:\Users\vasu1\.m2\repository\com\beust\jcommander\1.82\jcommander-1.82.jar;C:\Users\vasu1\.m2\repository\org\webjars\jquery\3.7.1\jquery-3.7.1.jar;"/>
    <property name="java.vm.vendor" value="Oracle Corporation"/>
    <property name="sun.arch.data.model" value="64"/>
    <property name="user.variant" value=""/>
    <property name="java.vendor.url" value="https://java.oracle.com/"/>
    <property name="user.timezone" value="Asia/Calcutta"/>
    <property name="os.name" value="Windows 11"/>
    <property name="java.vm.specification.version" value="17"/>
    <property name="sun.java.launcher" value="SUN_STANDARD"/>
    <property name="user.country" value="IN"/>
    <property name="sun.boot.library.path" value="C:\jdk-17_windows-x64_bin\jdk-17.0.6\bin"/>
    <property name="sun.java.command" value="C:\Users\vasu1\AppData\Local\Temp\surefire10613340728639379839\surefirebooter7998303806380906507.jar C:\Users\vasu1\AppData\Local\Temp\surefire10613340728639379839 2024-02-13T14-27-30_691-jvmRun1 surefire17398770410575888346tmp surefire_013415726888825692233tmp"/>
    <property name="jdk.debug" value="release"/>
    <property name="surefire.test.class.path" value="c:\Users\vasu1\OneDrive\Documents\TA Lab\lab5\target\test-classes;c:\Users\vasu1\OneDrive\Documents\TA Lab\lab5\target\classes;C:\Users\vasu1\.m2\repository\org\testng\testng\7.9.0\testng-7.9.0.jar;C:\Users\vasu1\.m2\repository\org\slf4j\slf4j-api\1.7.36\slf4j-api-1.7.36.jar;C:\Users\vasu1\.m2\repository\com\beust\jcommander\1.82\jcommander-1.82.jar;C:\Users\vasu1\.m2\repository\org\webjars\jquery\3.7.1\jquery-3.7.1.jar;"/>
    <property name="sun.cpu.endian" value="little"/>
    <property name="user.home" value="C:\Users\vasu1"/>
    <property name="user.language" value="en"/>
    <property name="java.specification.vendor" value="Oracle Corporation"/>
    <property name="java.version.date" value="2023-01-17"/>
    <property name="java.home" value="C:\jdk-17_windows-x64_bin\jdk-17.0.6"/>
    <property name="file.separator" value="\"/>
    <property name="basedir" value="c:\Users\vasu1\OneDrive\Documents\TA Lab\lab5"/>
    <property name="java.vm.compressedOopsMode" value="32-bit"/>
    <property name="line.separator" value="&#10;"/>
    <property name="java.vm.specification.vendor" value="Oracle Corporation"/>
    <property name="java.specification.name" value="Java Platform API Specification"/>
    <property name="surefire.real.class.path" value="C:\Users\vasu1\AppData\Local\Temp\surefire10613340728639379839\surefirebooter7998303806380906507.jar"/>
    <property name="user.script" value=""/>
    <property name="sun.management.compiler" value="HotSpot 64-Bit Tiered Compilers"/>
    <property name="java.runtime.version" value="17.0.6+9-LTS-190"/>
    <property name="user.name" value="vasu1"/>
    <property name="path.separator" value=";"/>
    <property name="os.version" value="10.0"/>
    <property name="java.runtime.name" value="Java(TM) SE Runtime Environment"/>
    <property name="file.encoding" value="Cp1252"/>
    <property name="java.vm.name" value="Java HotSpot(TM) 64-Bit Server VM"/>
    <property name="localRepository" value="C:\Users\vasu1\.m2\repository"/>
    <property name="java.vendor.url.bug" value="https://bugreport.java.com/bugreport/"/>
    <property name="java.io.tmpdir" value="C:\Users\vasu1\AppData\Local\Temp\"/>
    <property name="java.version" value="17.0.6"/>
    <property name="user.dir" value="c:\Users\vasu1\OneDrive\Documents\TA Lab\lab5"/>
    <property name="os.arch" value="amd64"/>
    <property name="java.vm.specification.name" value="Java Virtual Machine Specification"/>
    <property name="sun.os.patch.level" value=""/>
    <property name="native.encoding" value="Cp1252"/>
    <property name="java.library.path" value="C:\jdk-17_windows-x64_bin\jdk-17.0.6\bin;C:\WINDOWS\Sun\Java\bin;C:\WINDOWS\system32;C:\WINDOWS;C:\Program Files (x86)\Common Files\Intel\Shared Libraries\redist\intel64\compiler;C:\Program Files\Python310\Scripts\;C:\Program Files\Python310\;C:\Program Files\Python312\Scripts\;C:\Program Files\Python312\;C:\Program Files\Common Files\Oracle\Java\javapath;C:\Windows\system32;C:\Windows;C:\Windows\System32\Wbem;C:\Windows\System32\WindowsPowerShell\v1.0\;C:\Windows\System32\OpenSSH\;C:\Program Files (x86)\NVIDIA Corporation\PhysX\Common;C:\WINDOWS\system32;C:\WINDOWS;C:\WINDOWS\System32\Wbem;C:\WINDOWS\System32\WindowsPowerShell\v1.0\;C:\WINDOWS\System32\OpenSSH\;C:\Program Files\Git\cmd;C:\jdk-17_windows-x64_bin\jdk-17.0.6\bin;C:\apache-maven-3.8.7\bin;C:\Program Files\Docker\Docker\resources\bin;C:\TDM-GCC-32\bin;C:\Program Files\NVIDIA Corporation\NVIDIA NvDLISR;C:\jdk-17_windows-x64_bin\jdk-17.0.6\bin;C:\dart-sdk\bin;C:\ProgramData\chocolatey\bin;C:\Users\vasu1\AppData\Local\Microsoft\WindowsApps;C:\Program Files\nodejs\;C:\Program Files (x86)\Yarn\bin\;C:\Program Files\PuTTY\;C:\Program Files\GitHub CLI\;C:\src\flutter\bin;C:\Users\vasu1\Downloads\Microsoft VS Code\bin;C:\Users\vasu1\AppData\Local\Microsoft\WindowsApps;C:\Users\vasu1\AppData\Local\Programs\oh-my-posh\bin;C:\Users\vasu1\AppData\Roaming\npm;C:\Users\vasu1\AppData\Local\Yarn\bin;C:\terraform;;."/>
    <property name="java.vm.info" value="mixed mode, sharing"/>
    <property name="java.vendor" value="Oracle Corporation"/>
    <property name="java.vm.version" value="17.0.6+9-LTS-190"/>
    <property name="sun.io.unicode.encoding" value="UnicodeLittle"/>
    <property name="java.class.version" value="61.0"/>
  </properties>
  <testcase name="testCalculateRenumeration" classname="ta.lab.AppTest" time="0"/>
  <testcase name="testCalculateRenumeration" classname="ta.lab.AppTest" time="0"/>
  <testcase name="testCalculateRenumeration" classname="ta.lab.AppTest" time="0"/>
  <testcase name="testCalculateRenumeration" classname="ta.lab.AppTest" time="0"/>
  <testcase name="testCalculateRenumeration" classname="ta.lab.AppTest" time="0"/>
</testsuite>