<?xml version="1.0" encoding="UTF-8"?>
<!-- Generated by org.testng.reporters.JUnitReportReporter -->
<testsuite hostname="Yami" failures="0" tests="5" name="ta.lab.AppTest" time="0.000" errors="0" timestamp="2024-02-13T14:27:31 IST" skipped="0">
  <testcase classname="ta.lab.AppTest" name="testCalculateRenumeration" time="0.000"/>
  <testcase classname="ta.lab.AppTest" name="testCalculateRenumeration" time="0.000"/>
  <testcase classname="ta.lab.AppTest" name="testCalculateRenumeration" time="0.000"/>
  <testcase classname="ta.lab.AppTest" name="testCalculateRenumeration" time="0.000"/>
  <testcase classname="ta.lab.AppTest" name="testCalculateRenumeration" time="0.000"/>
</testsuite> <!-- ta.lab.AppTest -->
